=== run_v3.py — Walk-Forward + Filter Analysis + MP ===
Loading data...
1h: 64276 bars  15m: 256949 bars
Train: 2015-2022 | Test: 2023-2025 | N=200 | Workers=8
Generated 200 distinct param sets

=== PHASE 1: Optimizing in parallel (8 cores) ===
[  1/200]   21.3s  eq= -170.89 n=  401 t/d= 0.14 wr=0.30 sc=-1000000000.00 <<
[  2/200]   25.6s  eq= -357.19 n= 1358 t/d= 0.46 wr=0.19 sc= -522.69 <<
[  3/200]   36.0s  eq=  -97.15 n= 1186 t/d= 0.41 wr=0.34 sc= -217.46 <<
[  4/200]   41.7s  eq=  -99.78 n=  292 t/d= 0.10 wr=0.37 sc=-1000000000.00   
[  5/200]   42.8s  eq=  111.77 n=  126 t/d= 0.04 wr=0.20 sc=-1000000000.00   
[  6/200]   49.5s  eq=   20.88 n=  395 t/d= 0.14 wr=0.25 sc=-1000000000.00   
[  7/200]   62.8s  eq=  -15.09 n=  222 t/d= 0.08 wr=0.26 sc=-1000000000.00   
[  8/200]   65.0s* eq= -387.34 n= 2187 t/d= 0.75 wr=0.25 sc= -528.78   
[  9/200]   66.4s  eq=  107.87 n=    1 t/d= 0.00 wr=1.00 sc=-1000000000.00   
[ 10/200]   73.4s* eq= -567.83 n= 1963 t/d= 0.67 wr=0.31 sc= -692.13   
[ 11/200]   83.3s* eq= -671.45 n= 2421 t/d= 0.83 wr=0.17 sc= -839.77   
[ 12/200]   86.4s* eq= -563.68 n= 1555 t/d= 0.53 wr=0.26 sc= -702.66   
[ 13/200]   86.4s* eq= -998.12 n= 2460 t/d= 0.84 wr=0.48 sc=-1103.94   
[ 14/200]   86.7s  eq= -309.56 n=  862 t/d= 0.30 wr=0.38 sc= -434.49   
[ 15/200]  107.7s  eq=   63.56 n=   18 t/d= 0.00 wr=0.17 sc=-1000000000.00   
[ 16/200]  109.2s  eq=   86.47 n=   70 t/d= 0.02 wr=0.39 sc=-1000000000.00   
[ 17/200]  124.4s  eq=  200.17 n=  148 t/d= 0.05 wr=0.47 sc=-1000000000.00   
[ 18/200]  126.6s  eq=   91.63 n=  116 t/d= 0.04 wr=0.50 sc=-1000000000.00   
[ 19/200]  136.0s  eq=   21.63 n=  148 t/d= 0.05 wr=0.30 sc=-1000000000.00   
[ 20/200]  137.2s  eq= -130.05 n=  806 t/d= 0.28 wr=0.17 sc= -317.40   
[ 21/200]  144.5s  eq=  137.28 n=   82 t/d= 0.03 wr=0.35 sc=-1000000000.00   
[ 22/200]  144.8s  eq=  107.51 n=   13 t/d= 0.00 wr=0.38 sc=-1000000000.00   
[ 23/200]  149.7s  eq=  -72.89 n=  575 t/d= 0.20 wr=0.21 sc= -254.48   
[ 24/200]  153.8s  eq=   51.98 n=   79 t/d= 0.03 wr=0.15 sc=-1000000000.00   
[ 25/200]  156.6s  eq= -101.88 n= 1147 t/d= 0.39 wr=0.26 sc= -249.65   
[ 26/200]  162.7s  eq=   32.67 n=   75 t/d= 0.03 wr=0.27 sc=-1000000000.00   
[ 27/200]  178.6s  eq=  100.00 n=    0 t/d= 0.00 wr=0.00 sc=-1000000000.00   
[ 28/200]  181.5s* eq= -584.01 n= 2065 t/d= 0.71 wr=0.42 sc= -687.62   
[ 29/200]  184.0s  eq=  -62.09 n=  292 t/d= 0.10 wr=0.37 sc=-1000000000.00   
[ 30/200]  198.7s  eq=   23.52 n=  126 t/d= 0.04 wr=0.29 sc=-1000000000.00   
[ 31/200]  207.7s  eq=  145.75 n=  688 t/d= 0.24 wr=0.30 sc=   -0.78 <<
[ 32/200]  207.8s* eq= -572.82 n= 1519 t/d= 0.52 wr=0.24 sc= -717.49   
[ 33/200]  213.1s  eq=  -13.24 n=  391 t/d= 0.13 wr=0.30 sc=-1000000000.00   
[ 34/200]  213.2s  eq=  106.33 n=   10 t/d= 0.00 wr=0.30 sc=-1000000000.00   
[ 35/200]  218.8s  eq= -202.83 n= 1398 t/d= 0.48 wr=0.43 sc= -306.18   
[ 36/200]  224.4s  eq=  139.79 n=  385 t/d= 0.13 wr=0.35 sc=-1000000000.00   
[ 37/200]  228.6s  eq=  109.98 n=   36 t/d= 0.00 wr=0.33 sc=-1000000000.00   
[ 38/200]  233.3s* eq= -365.87 n= 1572 t/d= 0.54 wr=0.16 sc= -536.47   
[ 39/200]  233.6s* eq= -200.04 n= 1527 t/d= 0.52 wr=0.39 sc= -299.99   
[ 40/200]  244.3s  eq=  120.14 n=   61 t/d= 0.02 wr=0.44 sc=-1000000000.00   
[ 41/200]  249.1s  eq=   79.21 n=    9 t/d= 0.00 wr=0.22 sc=-1000000000.00   
[ 42/200]  254.7s* eq= -412.11 n= 1723 t/d= 0.59 wr=0.19 sc= -573.07   
[ 43/200]  257.3s  eq=  -77.29 n=  507 t/d= 0.17 wr=0.54 sc= -211.69   
[ 44/200]  260.3s  eq=  196.36 n=  399 t/d= 0.14 wr=0.33 sc=-1000000000.00   
[ 45/200]  261.2s* eq= -324.21 n= 1582 t/d= 0.54 wr=0.33 sc= -440.21   
[ 46/200]  273.9s* eq= -485.83 n= 1718 t/d= 0.59 wr=0.21 sc= -639.26   
[ 47/200]  285.2s  eq=   87.31 n=    6 t/d= 0.00 wr=0.00 sc=-1000000000.00   
[ 48/200]  298.8s  eq=   88.46 n=  364 t/d= 0.12 wr=0.28 sc=-1000000000.00   
[ 49/200]  315.6s  eq= -109.70 n=  556 t/d= 0.19 wr=0.32 sc= -263.20   
[ 50/200]  317.6s  eq= -157.04 n=  582 t/d= 0.20 wr=0.17 sc= -355.38   
[ 51/200]  318.4s  eq=   17.89 n=   65 t/d= 0.02 wr=0.18 sc=-1000000000.00   
[ 52/200]  321.8s* eq= -741.98 n= 2579 t/d= 0.88 wr=0.27 sc= -876.79   
[ 53/200]  326.5s* eq= -685.20 n= 1575 t/d= 0.54 wr=0.37 sc= -794.20   
[ 54/200]  328.7s  eq=  -76.33 n=  560 t/d= 0.19 wr=0.38 sc= -208.25   
[ 55/200]  329.3s  eq=   81.56 n=  115 t/d= 0.04 wr=0.17 sc=-1000000000.00   
[ 56/200]  339.4s  eq=   31.60 n=  704 t/d= 0.24 wr=0.21 sc= -144.75   
[ 57/200]  344.2s  eq= -141.00 n=  880 t/d= 0.30 wr=0.12 sc= -342.30   
[ 58/200]  349.1s  eq=  118.91 n=  890 t/d= 0.30 wr=0.48 sc=    2.70 <<
[ 59/200]  359.8s  eq= -276.17 n= 1147 t/d= 0.39 wr=0.24 sc= -433.07   
[ 60/200]  364.7s  eq=  150.10 n=  749 t/d= 0.26 wr=0.37 sc=   25.42 <<
[ 61/200]  367.9s  eq=  -49.22 n= 1020 t/d= 0.35 wr=0.44 sc= -164.26   
[ 62/200]  372.4s  eq=  107.87 n=    1 t/d= 0.00 wr=1.00 sc=-1000000000.00   
[ 63/200]  388.9s  eq=  106.33 n=   10 t/d= 0.00 wr=0.30 sc=-1000000000.00   
[ 64/200]  394.4s* eq= -547.17 n= 1616 t/d= 0.55 wr=0.16 sc= -718.02   
[ 65/200]  395.0s  eq=  -87.57 n= 1002 t/d= 0.34 wr=0.25 sc= -242.17   
[ 66/200]  397.2s  eq=   32.44 n=  176 t/d= 0.06 wr=0.38 sc=-1000000000.00   
[ 67/200]  407.3s  eq=  137.16 n=   43 t/d= 0.00 wr=0.63 sc=-1000000000.00   
[ 68/200]  409.9s* eq= -486.48 n= 1468 t/d= 0.50 wr=0.31 sc= -609.59   
[ 69/200]  428.3s  eq=   74.20 n=  647 t/d= 0.22 wr=0.36 sc=  -56.53   
[ 70/200]  433.1s  eq=   93.97 n=    2 t/d= 0.00 wr=0.00 sc=-1000000000.00   
[ 71/200]  443.4s  eq=   96.35 n=    2 t/d= 0.00 wr=0.00 sc=-1000000000.00   
[ 72/200]  449.3s* eq= -430.15 n= 1764 t/d= 0.60 wr=0.42 sc= -533.58   
[ 73/200]  450.5s  eq=  -37.02 n=  693 t/d= 0.24 wr=0.29 sc= -191.00   
[ 74/200]  458.6s  eq=  200.43 n=  131 t/d= 0.04 wr=0.37 sc=-1000000000.00   
[ 75/200]  462.6s  eq=   28.90 n=  705 t/d= 0.24 wr=0.21 sc= -147.58   
[ 76/200]  464.2s* eq= -649.16 n= 2670 t/d= 0.91 wr=0.27 sc= -785.56   
[ 77/200]  470.3s  eq= -113.45 n=  975 t/d= 0.33 wr=0.26 sc= -265.77   
[ 78/200]  475.5s* eq= -475.62 n= 1688 t/d= 0.58 wr=0.49 sc= -578.74   
[ 79/200]  481.5s  eq=   96.12 n=   24 t/d= 0.00 wr=0.25 sc=-1000000000.00   
[ 80/200]  491.9s* eq= -438.59 n= 1495 t/d= 0.51 wr=0.19 sc= -602.51   
[ 81/200]  496.5s* eq= -891.94 n= 2021 t/d= 0.69 wr=0.39 sc= -998.82   
[ 82/200]  498.1s  eq= -651.68 n= 1344 t/d= 0.46 wr=0.23 sc= -805.28   
[ 83/200]  502.9s* eq=  -10.21 n= 1480 t/d= 0.51 wr=0.18 sc= -168.33   
[ 84/200]  509.4s  eq=  102.29 n=   36 t/d= 0.00 wr=0.14 sc=-1000000000.00   
[ 85/200]  517.1s  eq= -368.15 n= 1429 t/d= 0.49 wr=0.39 sc= -471.99   
[ 86/200]  517.8s  eq=   97.81 n=   34 t/d= 0.00 wr=0.32 sc=-1000000000.00   
[ 87/200]  523.7s  eq=  -54.68 n=  729 t/d= 0.25 wr=0.22 sc= -228.45   
[ 88/200]  528.0s  eq= -249.85 n=  757 t/d= 0.26 wr=0.36 sc= -381.95   
[ 89/200]  528.4s* eq= -482.55 n= 1935 t/d= 0.66 wr=0.33 sc= -600.74   
[ 90/200]  532.2s  eq=   81.29 n=    8 t/d= 0.00 wr=0.00 sc=-1000000000.00   
[ 91/200]  543.3s  eq= -107.89 n=  473 t/d= 0.16 wr=0.36 sc= -249.14   
[ 92/200]  559.1s  eq= -120.57 n=  429 t/d= 0.15 wr=0.13 sc=-1000000000.00   
[ 93/200]  566.8s  eq=  -60.88 n=  855 t/d= 0.29 wr=0.39 sc= -181.11   
[ 94/200]  567.3s  eq=  139.18 n=   67 t/d= 0.02 wr=0.61 sc=-1000000000.00   
[ 95/200]  569.1s  eq=  165.18 n=  298 t/d= 0.10 wr=0.39 sc=-1000000000.00   
[ 96/200]  570.9s  eq=   98.42 n=    2 t/d= 0.00 wr=0.50 sc=-1000000000.00   
[ 97/200]  572.5s  eq=  100.00 n=    0 t/d= 0.00 wr=0.00 sc=-1000000000.00   
[ 98/200]  576.6s  eq= -129.36 n=  527 t/d= 0.18 wr=0.20 sc= -318.12   
[ 99/200]  579.5s  eq=  -37.10 n=  291 t/d= 0.10 wr=0.10 sc=-1000000000.00   
[100/200]  596.1s  eq=  -44.37 n=  596 t/d= 0.20 wr=0.33 sc= -190.68   
[101/200]  599.0s  eq=   63.77 n=   65 t/d= 0.02 wr=0.38 sc=-1000000000.00   
[102/200]  609.0s  eq=  147.91 n=  733 t/d= 0.25 wr=0.28 sc=   -2.38   
[103/200]  610.1s  eq=   96.23 n=    1 t/d= 0.00 wr=0.00 sc=-1000000000.00   
[104/200]  613.0s  eq=  161.44 n=   66 t/d= 0.02 wr=0.48 sc=-1000000000.00   
[105/200]  614.8s  eq=  -39.46 n=  761 t/d= 0.26 wr=0.40 sc= -163.10   
[106/200]  622.7s  eq=   93.41 n=   95 t/d= 0.03 wr=0.36 sc=-1000000000.00   
[107/200]  631.1s  eq=   52.94 n=  135 t/d= 0.05 wr=0.55 sc=-1000000000.00   
[108/200]  632.5s  eq=  -45.53 n=  280 t/d= 0.10 wr=0.24 sc=-1000000000.00   
[109/200]  640.3s  eq=  100.00 n=    0 t/d= 0.00 wr=0.00 sc=-1000000000.00   
[110/200]  646.0s  eq= -253.34 n=  671 t/d= 0.23 wr=0.21 sc= -437.53   
[111/200]  647.5s  eq= -148.08 n=  547 t/d= 0.19 wr=0.10 sc= -370.36   
[112/200]  666.3s  eq= -272.68 n= 1037 t/d= 0.36 wr=0.24 sc= -435.79   
[113/200]  674.1s* eq= -396.87 n= 1714 t/d= 0.59 wr=0.32 sc= -517.04   
[114/200]  676.2s  eq= -101.08 n=  439 t/d= 0.15 wr=0.31 sc= -259.17   
[115/200]  679.0s  eq= -178.60 n= 1186 t/d= 0.41 wr=0.22 sc= -337.27   
[116/200]  687.6s  eq=  100.00 n=    0 t/d= 0.00 wr=0.00 sc=-1000000000.00   
[117/200]  694.0s  eq=   52.75 n=  290 t/d= 0.10 wr=0.13 sc=-1000000000.00   
[118/200]  697.5s  eq= -279.89 n= 1036 t/d= 0.35 wr=0.16 sc= -463.11   
[119/200]  708.3s  eq=   94.94 n=   19 t/d= 0.00 wr=0.37 sc=-1000000000.00   
[120/200]  716.1s  eq=  144.52 n=  532 t/d= 0.18 wr=0.37 sc=   13.64   
[121/200]  716.9s  eq=   43.07 n=  125 t/d= 0.04 wr=0.37 sc=-1000000000.00   
[122/200]  743.0s  eq=  106.71 n=  910 t/d= 0.31 wr=0.19 sc=  -66.28   
[123/200]  743.4s  eq=  -36.85 n= 1059 t/d= 0.36 wr=0.51 sc= -149.84   
[124/200]  752.2s  eq=  159.38 n=   36 t/d= 0.00 wr=0.39 sc=-1000000000.00   
[125/200]  759.7s  eq=  141.73 n=   21 t/d= 0.00 wr=0.52 sc=-1000000000.00   
[126/200]  760.9s  eq= -382.70 n= 1111 t/d= 0.38 wr=0.24 sc= -538.99   
[127/200]  765.3s* eq= -387.32 n= 1648 t/d= 0.56 wr=0.12 sc= -570.65   
[128/200]  770.4s* eq= -258.13 n= 1516 t/d= 0.52 wr=0.40 sc= -358.87   
[129/200]  771.9s* eq= -768.06 n= 2271 t/d= 0.78 wr=0.36 sc= -876.13   
[130/200]  789.0s  eq= -184.22 n= 1048 t/d= 0.36 wr=0.33 sc= -315.37   
[131/200]  794.0s  eq= -101.43 n=  567 t/d= 0.19 wr=0.22 sc= -282.86   
[132/200]  797.2s  eq= -217.95 n=  972 t/d= 0.33 wr=0.11 sc= -419.35   
[133/200]  798.9s  eq=  128.28 n=    6 t/d= 0.00 wr=0.67 sc=-1000000000.00   
[134/200]  800.9s  eq= -124.57 n=  248 t/d= 0.08 wr=0.24 sc=-1000000000.00   
[135/200]  810.0s  eq= -192.66 n=  836 t/d= 0.29 wr=0.24 sc= -360.66   
[136/200]  815.2s  eq=  100.00 n=    0 t/d= 0.00 wr=0.00 sc=-1000000000.00   
[137/200]  816.5s  eq=  -14.32 n=  548 t/d= 0.19 wr=0.17 sc= -209.94   
[138/200]  822.6s  eq=  -11.12 n=  251 t/d= 0.09 wr=0.45 sc=-1000000000.00   
[139/200]  827.0s  eq=   50.30 n=  835 t/d= 0.29 wr=0.47 sc=  -68.90   
[140/200]  828.3s  eq=  195.34 n=  118 t/d= 0.04 wr=0.64 sc=-1000000000.00   
[141/200]  846.5s  eq=  100.00 n=    0 t/d= 0.00 wr=0.00 sc=-1000000000.00   
[142/200]  849.2s  eq=  121.68 n=  514 t/d= 0.18 wr=0.28 sc=  -37.72   
[143/200]  850.9s  eq=  100.00 n=    0 t/d= 0.00 wr=0.00 sc=-1000000000.00   
[144/200]  853.8s  eq=  -18.01 n=  596 t/d= 0.20 wr=0.18 sc= -208.82   
[145/200]  861.9s  eq= -147.59 n=  916 t/d= 0.31 wr=0.16 sc= -334.68   
[146/200]  868.5s  eq=  128.45 n=   89 t/d= 0.03 wr=0.42 sc=-1000000000.00   
[147/200]  878.4s  eq=  100.00 n=    0 t/d= 0.00 wr=0.00 sc=-1000000000.00   
[148/200]  880.2s  eq=  -89.53 n=  610 t/d= 0.21 wr=0.20 sc= -276.82   
[149/200]  883.9s* eq= -877.71 n= 3772 t/d= 1.29 wr=0.16 sc=-1047.30   
[150/200]  884.1s* eq= -455.04 n= 1846 t/d= 0.63 wr=0.19 sc= -616.96   
[151/200]  888.8s  eq= -110.42 n=  972 t/d= 0.33 wr=0.25 sc= -266.80   
[152/200]  896.4s  eq=  -68.44 n=  281 t/d= 0.10 wr=0.09 sc=-1000000000.00   
[153/200]  900.8s  eq=  123.05 n=  169 t/d= 0.06 wr=0.20 sc=-1000000000.00   
[154/200]  918.6s  eq=   88.71 n=    3 t/d= 0.00 wr=0.00 sc=-1000000000.00   
[155/200]  924.2s  eq=  -88.85 n=  384 t/d= 0.13 wr=0.54 sc=-1000000000.00   
[156/200]  924.2s  eq= -249.01 n= 1192 t/d= 0.41 wr=0.39 sc= -360.13   
[157/200]  941.6s  eq=  135.37 n=   19 t/d= 0.00 wr=0.42 sc=-1000000000.00   
[158/200]  943.6s  eq=   42.91 n=  217 t/d= 0.07 wr=0.27 sc=-1000000000.00   
[159/200]  949.9s  eq= -209.64 n=  566 t/d= 0.19 wr=0.26 sc= -382.59   
[160/200]  952.4s  eq=   98.51 n=   11 t/d= 0.00 wr=0.18 sc=-1000000000.00   
[161/200]  964.0s  eq=    1.78 n=  879 t/d= 0.30 wr=0.34 sc= -127.81   
[162/200]  964.7s  eq= -176.26 n=  928 t/d= 0.32 wr=0.39 sc= -296.09   
[163/200]  968.8s  eq= -116.88 n= 1318 t/d= 0.45 wr=0.39 sc= -221.14   
[164/200]  971.7s  eq=  -83.30 n=  538 t/d= 0.18 wr=0.38 sc= -217.05   
[165/200]  973.4s* eq= -704.83 n= 2096 t/d= 0.72 wr=0.19 sc= -870.99   
[166/200]  974.6s  eq= -224.41 n=  826 t/d= 0.28 wr=0.44 sc= -348.30   
[167/200]  983.9s* eq= -607.02 n= 1809 t/d= 0.62 wr=0.54 sc= -710.96   
[168/200]  986.0s  eq=  116.59 n=   13 t/d= 0.00 wr=0.46 sc=-1000000000.00   
[169/200]  993.4s  eq= -369.07 n= 1373 t/d= 0.47 wr=0.11 sc= -557.66   
[170/200]  993.9s  eq=  168.16 n=   85 t/d= 0.03 wr=0.31 sc=-1000000000.00   
[171/200]  999.9s* eq= -766.84 n= 2302 t/d= 0.79 wr=0.31 sc= -891.42   
[172/200] 1000.0s* eq=-1130.76 n= 3272 t/d= 1.12 wr=0.16 sc=-1302.37   
[173/200] 1015.5s  eq=   95.58 n=    2 t/d= 0.00 wr=0.00 sc=-1000000000.00   
[174/200] 1016.9s* eq= -373.81 n= 1645 t/d= 0.56 wr=0.32 sc= -492.67   
[175/200] 1018.5s* eq= -228.96 n= 2162 t/d= 0.74 wr=0.21 sc= -381.75   
[176/200] 1020.0s  eq=   40.61 n=   87 t/d= 0.03 wr=0.47 sc=-1000000000.00   
[177/200] 1028.9s  eq=  258.09 n=  434 t/d= 0.15 wr=0.56 sc=-1000000000.00   
[178/200] 1033.1s  eq=  -21.74 n=  872 t/d= 0.30 wr=0.17 sc= -204.87   
[179/200] 1041.8s  eq=  160.84 n=  108 t/d= 0.04 wr=0.38 sc=-1000000000.00   
[180/200] 1049.8s  eq=   51.91 n=   49 t/d= 0.00 wr=0.14 sc=-1000000000.00   
[181/200] 1053.0s  eq=   59.64 n=  108 t/d= 0.04 wr=0.39 sc=-1000000000.00   
[182/200] 1053.0s  eq=   66.63 n=  358 t/d= 0.12 wr=0.27 sc=-1000000000.00   
[183/200] 1059.9s  eq=  -46.62 n=  293 t/d= 0.10 wr=0.37 sc=-1000000000.00   
[184/200] 1068.5s  eq=  -59.89 n=  960 t/d= 0.33 wr=0.29 sc= -203.36   
[185/200] 1082.1s  eq= -135.30 n=  331 t/d= 0.11 wr=0.52 sc=-1000000000.00   
[186/200] 1093.9s  eq=  101.60 n=    2 t/d= 0.00 wr=0.50 sc=-1000000000.00   
[187/200] 1101.2s  eq=    8.99 n=  228 t/d= 0.08 wr=0.32 sc=-1000000000.00   
[188/200] 1105.0s  eq=   87.45 n=    7 t/d= 0.00 wr=0.14 sc=-1000000000.00   
[189/200] 1107.7s  eq=   60.41 n=  217 t/d= 0.07 wr=0.50 sc=-1000000000.00   
[190/200] 1108.1s  eq=  130.84 n=  122 t/d= 0.04 wr=0.25 sc=-1000000000.00   
[191/200] 1111.2s  eq=   43.83 n=  238 t/d= 0.08 wr=0.33 sc=-1000000000.00   
[192/200] 1114.0s* eq= -656.31 n= 2259 t/d= 0.77 wr=0.54 sc= -758.96   
[193/200] 1135.9s  eq=  100.00 n=    0 t/d= 0.00 wr=0.00 sc=-1000000000.00   
[194/200] 1142.8s  eq=   70.21 n=  382 t/d= 0.13 wr=0.23 sc=-1000000000.00   
[195/200] 1143.1s  eq=  -78.22 n=  611 t/d= 0.21 wr=0.33 sc= -223.51   
[196/200] 1144.4s* eq= -537.75 n= 2628 t/d= 0.90 wr=0.17 sc= -701.98   
[197/200] 1154.3s  eq= -124.75 n= 1165 t/d= 0.40 wr=0.34 sc= -248.29   
[198/200] 1155.8s  eq=  183.56 n=  118 t/d= 0.04 wr=0.40 sc=-1000000000.00   
[199/200] 1158.3s  eq=  188.07 n=  646 t/d= 0.22 wr=0.37 sc=   62.87 <<
[200/200] 1170.9s  eq= -258.96 n= 1114 t/d= 0.38 wr=0.17 sc= -438.50   

Phase 1 done in 1170.9s (5.85s/trial avg)
Best params: {'LBH': 256, 'LBM': 128, 'MNH': 4, 'MXH': 120, 'MNM': 8, 'MXM': 60, 'SH': 2.5, 'SM': 3.0, 'EF': 12, 'ES': 200, 'AP': 7, 'TPM': 3.0, 'SLM': 1.5, 'ED': 0.1, 'ST': 2, 'MP': 10, 'SD': 50, 'AL': 400, 'ALO': 0.4, 'AHI': 3.0}
In-sample: eq=$188.07 trades=646 t/d=0.22

=== PHASE 2: Filter Analysis (using best params) ===
Candles checked       : 255,926
  Rejected by MP      :         0 ( 0.00%)
  Rejected by ST      :    11,478 ( 4.48%)
  Rejected by 1H R    :    15,635 ( 6.11%)
  Rejected by 15m R   :    36,684 (14.33%)
  Rejected by ATR     :     1,599 ( 0.62%)
  Rejected by EMAdiff :     3,202 ( 1.25%)
  Rejected by xover   :   186,434 (72.85%)
  Rejected by SD      :         1 ( 0.00%)
  >>> SIGNALS OPENED  :       893 ( 0.35%)

=== PHASE 3: Yearly Breakdown ===
Year  Type    Trades   T/Day     WR%       PL$   Equity$
2015  IS          67    0.18    31.3    -19.22     80.78
2016  IS          74    0.20    36.5     +9.36     90.14
2017  IS          78    0.21    41.0    +34.78    124.92
2018  IS          88    0.24    37.5     +5.41    130.33
2019  IS          78    0.21    35.9    +10.45    140.78
2020  IS          78    0.21    38.5    +19.51    160.28
2021  IS          90    0.25    40.0    +28.12    188.41
2022  IS          93    0.25    35.5     -0.34    188.07
2023  OOS         80    0.22    36.2    +20.95    209.01
2024  OOS         83    0.23    27.7    -96.60    112.41
2025  OOS         84    0.23    32.1    -28.17     84.24

=== FINAL VERDICT ===
In-Sample  (2015-2022): 6/8 years +, total PL=$+88.07
Out-Sample (2023-2025): 1/3 years +, total PL=$-103.82
Avg trades/day: 0.22
Final compound equity: $84.24  (-15.8%)

>>> OVERFIT: OOS losing — strategy doesn't generalize

Results saved in results_v3/
