=== Walk-Forward Validation ===
Loading data...
1h: 64276 bars  15m: 256949 bars

In-sample (training):  2015-2022
Out-of-sample (test):  2023-2025
Trials: 50

=== PHASE 1: Optimize on 2015-2022 (N=50) ===
[  1/50]   18.2s ( 18.2s)  eq=  161.91 n= 110 t/d=0.038 wr=0.24 sc=   71.27**
[  2/50]   36.1s ( 18.0s)  eq=  -23.90 n= 145 t/d=0.050 wr=0.23 sc= -136.86  
[  3/50]   67.8s ( 31.7s)  eq=  149.65 n= 101 t/d=0.035 wr=0.40 sc=   55.92  
[  4/50]  100.2s ( 32.4s)  eq=  100.00 n=   0 t/d=0.000 wr=0.00 sc=-1000000000.00  
[  5/50]  118.8s ( 18.6s)  eq=  177.11 n= 118 t/d=0.040 wr=0.42 sc=   89.74**
[  6/50]  144.1s ( 25.3s)  eq=   96.55 n=   1 t/d=0.000 wr=0.00 sc=-1000000000.00  
[  7/50]  169.6s ( 25.5s)  eq=  140.91 n=  16 t/d=0.005 wr=0.44 sc=-1000000000.00  
[  8/50]  200.3s ( 30.7s)  eq=   95.64 n=  10 t/d=0.003 wr=0.40 sc=-1000000000.00  
[  9/50]  230.6s ( 30.3s)  eq=   30.38 n= 106 t/d=0.036 wr=0.42 sc=  -79.75  
[ 10/50]  262.1s ( 31.5s)  eq=  149.20 n= 120 t/d=0.041 wr=0.31 sc=   55.33  
[ 11/50]  280.3s ( 18.2s)  eq=  100.00 n=   0 t/d=0.000 wr=0.00 sc=-1000000000.00  
[ 12/50]  298.5s ( 18.2s)  eq=   96.27 n=   3 t/d=0.000 wr=0.33 sc=-1000000000.00  
[ 13/50]  334.7s ( 36.1s)  eq=  100.00 n=   0 t/d=0.000 wr=0.00 sc=-1000000000.00  
[ 14/50]  359.0s ( 24.3s)  eq=  116.72 n=  15 t/d=0.005 wr=0.53 sc=-1000000000.00  
[ 15/50]  395.5s ( 36.5s)  eq=  141.76 n=  20 t/d=0.007 wr=0.50 sc=-1000000000.00  
[ 16/50]  415.6s ( 20.2s)  eq=  104.29 n=   1 t/d=0.000 wr=1.00 sc=-1000000000.00  
[ 17/50]  446.1s ( 30.4s)  eq=   37.63 n= 146 t/d=0.050 wr=0.22 sc=  -69.16  
[ 18/50]  478.7s ( 32.7s)  eq=   83.05 n=  72 t/d=0.025 wr=0.24 sc=  -24.39  
[ 19/50]  512.8s ( 34.0s)  eq=   88.94 n= 104 t/d=0.036 wr=0.35 sc=  -14.06  
[ 20/50]  538.9s ( 26.1s)  eq=  150.27 n= 118 t/d=0.040 wr=0.29 sc=   57.95  
[ 21/50]  572.3s ( 33.4s)  eq=  107.95 n=   1 t/d=0.000 wr=1.00 sc=-1000000000.00  
[ 22/50]  592.0s ( 19.7s)  eq=  100.00 n=   0 t/d=0.000 wr=0.00 sc=-1000000000.00  
[ 23/50]  623.1s ( 31.1s)* eq=   70.38 n= 159 t/d=0.054 wr=0.24 sc=  -31.24  
[ 24/50]  655.2s ( 32.1s)  eq=  118.24 n= 129 t/d=0.044 wr=0.26 sc=   21.64  
[ 25/50]  687.3s ( 32.1s)  eq=  176.51 n= 113 t/d=0.039 wr=0.35 sc=   86.22  
[ 26/50]  723.7s ( 36.4s)  eq=  100.00 n=   0 t/d=0.000 wr=0.00 sc=-1000000000.00  
[ 27/50]  759.7s ( 36.0s)  eq=  152.95 n=  28 t/d=0.010 wr=0.54 sc=-1000000000.00  
[ 28/50]  784.6s ( 24.9s)  eq=   46.20 n= 124 t/d=0.042 wr=0.36 sc=  -61.21  
[ 29/50]  803.3s ( 18.6s)  eq=   93.69 n=   6 t/d=0.000 wr=0.33 sc=-1000000000.00  
[ 30/50]  840.5s ( 37.2s)  eq=  137.05 n=  28 t/d=0.010 wr=0.43 sc=-1000000000.00  
[ 31/50]  862.8s ( 22.4s)  eq=  100.00 n=   0 t/d=0.000 wr=0.00 sc=-1000000000.00  
[ 32/50]  887.5s ( 24.7s)  eq=  151.72 n=  17 t/d=0.006 wr=0.47 sc=-1000000000.00  
[ 33/50]  912.1s ( 24.6s)  eq=  104.29 n=   1 t/d=0.000 wr=1.00 sc=-1000000000.00  
[ 34/50]  948.7s ( 36.6s)  eq=  137.21 n=   8 t/d=0.003 wr=0.62 sc=-1000000000.00  
[ 35/50]  966.6s ( 17.9s)  eq=  206.45 n= 117 t/d=0.040 wr=0.44 sc=  120.35**
[ 36/50]  986.6s ( 19.9s)  eq=   97.47 n=   1 t/d=0.000 wr=0.00 sc=-1000000000.00  
[ 37/50] 1006.4s ( 19.8s)  eq=   96.94 n=   1 t/d=0.000 wr=0.00 sc=-1000000000.00  
[ 38/50] 1037.1s ( 30.7s)  eq=  122.16 n=  30 t/d=0.010 wr=0.30 sc=-1000000000.00  
[ 39/50] 1075.1s ( 38.0s)  eq=  137.48 n=  20 t/d=0.007 wr=0.50 sc=-1000000000.00  
[ 40/50] 1106.5s ( 31.4s)  eq=  132.84 n=  19 t/d=0.007 wr=0.58 sc=-1000000000.00  
[ 41/50] 1143.9s ( 37.4s)  eq=  117.85 n=  26 t/d=0.009 wr=0.35 sc=-1000000000.00  
[ 42/50] 1162.3s ( 18.4s)  eq=  103.80 n=   1 t/d=0.000 wr=1.00 sc=-1000000000.00  
[ 43/50] 1193.5s ( 31.2s)  eq=  100.00 n=   0 t/d=0.000 wr=0.00 sc=-1000000000.00  
[ 44/50] 1224.5s ( 31.0s)  eq=  105.79 n=   1 t/d=0.000 wr=1.00 sc=-1000000000.00  
[ 45/50] 1250.6s ( 26.1s)  eq=  119.57 n=  10 t/d=0.003 wr=0.60 sc=-1000000000.00  
[ 46/50] 1270.6s ( 20.0s)  eq=  102.93 n=   2 t/d=0.000 wr=0.50 sc=-1000000000.00  
[ 47/50] 1302.9s ( 32.3s)  eq=  107.95 n=   1 t/d=0.000 wr=1.00 sc=-1000000000.00  
[ 48/50] 1340.1s ( 37.2s)  eq=  121.31 n=  26 t/d=0.009 wr=0.27 sc=-1000000000.00  
[ 49/50] 1362.6s ( 22.5s)  eq=   96.10 n=   1 t/d=0.000 wr=0.00 sc=-1000000000.00  
[ 50/50] 1388.5s ( 25.9s)  eq=   25.76 n= 134 t/d=0.046 wr=0.23 sc=  -81.64  

Phase 1 done in 1388.5s
Best params: {'LBH': 128, 'LBM': 64, 'MNH': 8, 'MXH': 80, 'MNM': 16, 'MXM': 200, 'SH': 2.0, 'SM': 2.0, 'EF': 12, 'ES': 150, 'AP': 14, 'TPM': 4.0, 'SLM': 2.0, 'ST': 8, 'MP': 2, 'SD': 50, 'AL': 100, 'ALO': 0.8, 'AHI': 2.5}
In-sample equity: $206.45  trades: 117

=== PHASE 2: Out-of-Sample Validation 2015-2025 ===
  2015:  [IS]  trades= 22 t/d=0.060 wr= 40.9% PL=$   +7.67 eq=$  107.67
  2016:  [IS]  trades= 14 t/d=0.038 wr= 50.0% PL=$  +25.18 eq=$  132.85
  2017:  [IS]  trades= 18 t/d=0.049 wr= 50.0% PL=$  +26.26 eq=$  159.11
  2018:  [IS]  trades=  7 t/d=0.019 wr= 28.6% PL=$   -3.62 eq=$  155.49
  2019:  [IS]  trades= 18 t/d=0.049 wr= 38.9% PL=$  +13.19 eq=$  168.68
  2020:  [IS]  trades=  9 t/d=0.025 wr= 44.4% PL=$   +6.63 eq=$  175.31
  2021:  [IS]  trades= 15 t/d=0.041 wr= 46.7% PL=$  +14.51 eq=$  189.82
  2022:  [IS]  trades= 14 t/d=0.038 wr= 42.9% PL=$  +16.63 eq=$  206.45
  2023:  [OOS] trades= 16 t/d=0.044 wr= 37.5% PL=$  +13.43 eq=$  219.88
  2024:  [OOS] trades= 10 t/d=0.027 wr= 50.0% PL=$  +20.29 eq=$  240.17
  2025:  [OOS] trades= 15 t/d=0.041 wr= 26.7% PL=$  -18.00 eq=$  222.17

=== FINAL VERDICT ===
In-Sample  (2015-2022): 7/8 years +, total PL=$+106.45
Out-Sample (2023-2025): 2/3 years +, total PL=$+15.72
Final compound equity: $222.17  (+122.2%)

>>> ROBUST: OOS profit confirms strategy generalizes

Results saved in results_wf/
